2024-04-22T08:12:13+00:00 NOTICE Request
 Request
method:
uri: listLocations
user-agent: WooCommerce-Square/4.6.1 (WooCommerce/8.8.2; WordPress/6.5.2)
headers: Array
(
)
body:
duration: 0.6512s
 CONTEXT: {"_legacy":true}
2024-04-22T08:12:13+00:00 NOTICE Response
 Response
code: 200
message:
headers: Array
(
    [0] => HTTP/1.1 200 OK
    [Date] => Mon, 22 Apr 2024 08:12:14 GMT
    [Content-Type] => application/json
    [Content-Length] => 355
    [Connection] => keep-alive
    [CF-Ray] => 878425c93dfe76f3-LHR
    [CF-Cache-Status] => DYNAMIC
    [Content-Encoding] => gzip
    [Strict-Transport-Security] => max-age=631152000; includeSubDomains; preload
    [Vary] => Accept-Encoding
    [frame-options] => DENY
    [square-version] => 2022-04-20
    [squareup--connect--v2--common--versionmetadata-bin] => CgoyMDIyLTA0LTIw
    [x-content-type-options] => nosniff
    [x-envoy-decorator-operation] => /v2/locations
    [x-frame-options] => DENY
    [x-sq-dc] => aws
    [x-sq-region] => us-west-2
    [x-xss-protection] => 1; mode=block
    [Set-Cookie] => __cf_bm=.n9UwPQzdCVIZvfJgqzn_dbDFBFXPdWwnRFv9VCFFJo-1713773534-1.0.1.1-zXGgjtLEW0bywN6AebT0OLHUjYFu4L3HubZi0PLmDSo.GPElfjXHbZtW24j7IRTQfB4SicOQjw7co2opS3J0Iw; path=/; expires=Mon, 22-Apr-24 08:42:14 GMT; domain=.squareupsandbox.com; HttpOnly; Secure; SameSite=None
    [Server] => cloudflare
)
body: {
    "locations": [
        {
            "id": "LEACDQB0ABTMB",
            "name": "Default Test Account",
            "address": {
                "address_line_1": "10 Downing St",
                "locality": "London",
                "postal_code": "SW1A 2AA",
                "country": "GB"
            },
            "timezone": "UTC",
            "capabilities": [
                "CREDIT_CARD_PROCESSING",
                "AUTOMATIC_TRANSFERS"
            ],
            "status": "ACTIVE",
            "created_at": "2024-03-13T11:44:25.970Z",
            "merchant_id": "ML66YK4XR23MM",
            "country": "GB",
            "language_code": "en-GB",
            "currency": "GBP",
            "business_name": "Default Test Account",
            "type": "PHYSICAL",
            "business_hours": {},
            "mcc": "7299"
        }
    ]
}
 CONTEXT: {"_legacy":true}
2024-04-22T09:14:11+00:00 NOTICE Request
 Request
method:
uri: listLocations
user-agent: WooCommerce-Square/4.6.1 (WooCommerce/8.8.2; WordPress/6.5.2)
headers: Array
(
)
body:
duration: 0.5562s
 CONTEXT: {"_legacy":true}
2024-04-22T09:14:11+00:00 NOTICE Response
 Response
code: 200
message:
headers: Array
(
    [0] => HTTP/1.1 200 OK
    [Date] => Mon, 22 Apr 2024 09:14:11 GMT
    [Content-Type] => application/json
    [Content-Length] => 355
    [Connection] => keep-alive
    [CF-Ray] => 8784808c4e589433-LHR
    [CF-Cache-Status] => DYNAMIC
    [Content-Encoding] => gzip
    [Strict-Transport-Security] => max-age=631152000; includeSubDomains; preload
    [Vary] => Accept-Encoding
    [frame-options] => DENY
    [square-version] => 2022-04-20
    [squareup--connect--v2--common--versionmetadata-bin] => CgoyMDIyLTA0LTIw
    [x-content-type-options] => nosniff
    [x-envoy-decorator-operation] => /v2/locations
    [x-frame-options] => DENY
    [x-sq-dc] => aws
    [x-sq-region] => us-west-2
    [x-xss-protection] => 1; mode=block
    [Set-Cookie] => __cf_bm=dWjSKr58s_J3RLGkOWIdYP4chb_Ov63zSIrVcEkjRMI-1713777251-1.0.1.1-IeZnxUdO_u5wivHUpq461zGROfIUbCdC2JQizztrRapNejUZJR5ts1qW.hSvC_u0jTRgZC5xFpxorMsEJoFTnA; path=/; expires=Mon, 22-Apr-24 09:44:11 GMT; domain=.squareupsandbox.com; HttpOnly; Secure; SameSite=None
    [Server] => cloudflare
)
body: {
    "locations": [
        {
            "id": "LEACDQB0ABTMB",
            "name": "Default Test Account",
            "address": {
                "address_line_1": "10 Downing St",
                "locality": "London",
                "postal_code": "SW1A 2AA",
                "country": "GB"
            },
            "timezone": "UTC",
            "capabilities": [
                "CREDIT_CARD_PROCESSING",
                "AUTOMATIC_TRANSFERS"
            ],
            "status": "ACTIVE",
            "created_at": "2024-03-13T11:44:25.970Z",
            "merchant_id": "ML66YK4XR23MM",
            "country": "GB",
            "language_code": "en-GB",
            "currency": "GBP",
            "business_name": "Default Test Account",
            "type": "PHYSICAL",
            "business_hours": {},
            "mcc": "7299"
        }
    ]
}
 CONTEXT: {"_legacy":true}
2024-04-22T10:30:37+00:00 NOTICE Request
 Request
method:
uri: listLocations
user-agent: WooCommerce-Square/4.6.1 (WooCommerce/8.8.2; WordPress/6.5.2)
headers: Array
(
)
body:
duration: 0.78899s
 CONTEXT: {"_legacy":true}
2024-04-22T10:30:37+00:00 NOTICE Response
 Response
code: 200
message:
headers: Array
(
    [0] => HTTP/1.1 200 OK
    [Date] => Mon, 22 Apr 2024 10:30:38 GMT
    [Content-Type] => application/json
    [Content-Length] => 355
    [Connection] => keep-alive
    [CF-Ray] => 8784f08379549586-LHR
    [CF-Cache-Status] => DYNAMIC
    [Content-Encoding] => gzip
    [Strict-Transport-Security] => max-age=631152000; includeSubDomains; preload
    [Vary] => Accept-Encoding
    [frame-options] => DENY
    [square-version] => 2022-04-20
    [squareup--connect--v2--common--versionmetadata-bin] => CgoyMDIyLTA0LTIw
    [x-content-type-options] => nosniff
    [x-envoy-decorator-operation] => /v2/locations
    [x-frame-options] => DENY
    [x-sq-dc] => aws
    [x-sq-region] => us-west-2
    [x-xss-protection] => 1; mode=block
    [Set-Cookie] => __cf_bm=Vad.hc5iSTcmstwS4XPkfANJ5wrrHdH2HIbxAkD.NeU-1713781838-1.0.1.1-dRL.TheVJwHchHCIT429Yol2Rc8RjxUsk3wLY.3cRNnvFGxWuLXZlDTYodWT9zhcT_VZSWbuWgV.rzjSk7bk0Q; path=/; expires=Mon, 22-Apr-24 11:00:38 GMT; domain=.squareupsandbox.com; HttpOnly; Secure; SameSite=None
    [Server] => cloudflare
)
body: {
    "locations": [
        {
            "id": "LEACDQB0ABTMB",
            "name": "Default Test Account",
            "address": {
                "address_line_1": "10 Downing St",
                "locality": "London",
                "postal_code": "SW1A 2AA",
                "country": "GB"
            },
            "timezone": "UTC",
            "capabilities": [
                "CREDIT_CARD_PROCESSING",
                "AUTOMATIC_TRANSFERS"
            ],
            "status": "ACTIVE",
            "created_at": "2024-03-13T11:44:25.970Z",
            "merchant_id": "ML66YK4XR23MM",
            "country": "GB",
            "language_code": "en-GB",
            "currency": "GBP",
            "business_name": "Default Test Account",
            "type": "PHYSICAL",
            "business_hours": {},
            "mcc": "7299"
        }
    ]
}
 CONTEXT: {"_legacy":true}
