2024-05-01T02:21:46+00:00 NOTICE Request
 Request
method:
uri: listLocations
user-agent: WooCommerce-Square/4.6.1 (WooCommerce/8.8.2; WordPress/6.5.2)
headers: Array
(
)
body:
duration: 0.89586s
 CONTEXT: {"_legacy":true}
2024-05-01T02:21:46+00:00 NOTICE Response
 Response
code: 200
message:
headers: Array
(
    [0] => HTTP/1.1 200 OK
    [Date] => Wed, 01 May 2024 02:21:46 GMT
    [Content-Type] => application/json
    [Content-Length] => 355
    [Connection] => keep-alive
    [CF-Ray] => 87cc4ccb3eb460f5-LHR
    [CF-Cache-Status] => DYNAMIC
    [Content-Encoding] => gzip
    [Strict-Transport-Security] => max-age=631152000; includeSubDomains; preload
    [Vary] => Accept-Encoding
    [frame-options] => DENY
    [square-version] => 2022-04-20
    [squareup--connect--v2--common--versionmetadata-bin] => CgoyMDIyLTA0LTIw
    [x-content-type-options] => nosniff
    [x-envoy-decorator-operation] => /v2/locations
    [x-frame-options] => DENY
    [x-sq-dc] => aws
    [x-sq-region] => us-west-2
    [x-xss-protection] => 1; mode=block
    [Set-Cookie] => __cf_bm=3vb2wRsh2IxI3Xry8P8ywfSoDzc7d9q2kRa3YN_lmnk-1714530106-1.0.1.1-5bKqfXZQQ0Fyki8MkPCgtmlNYhZwjkvHpAxjzlyStGulidixi8dQbJ2RQFyPGcSL0cX1GqfJWhwTWF6jESZlEg; path=/; expires=Wed, 01-May-24 02:51:46 GMT; domain=.squareupsandbox.com; HttpOnly; Secure; SameSite=None
    [Server] => cloudflare
)
body: {
    "locations": [
        {
            "id": "LEACDQB0ABTMB",
            "name": "Default Test Account",
            "address": {
                "address_line_1": "10 Downing St",
                "locality": "London",
                "postal_code": "SW1A 2AA",
                "country": "GB"
            },
            "timezone": "UTC",
            "capabilities": [
                "CREDIT_CARD_PROCESSING",
                "AUTOMATIC_TRANSFERS"
            ],
            "status": "ACTIVE",
            "created_at": "2024-03-13T11:44:25.970Z",
            "merchant_id": "ML66YK4XR23MM",
            "country": "GB",
            "language_code": "en-GB",
            "currency": "GBP",
            "business_name": "Default Test Account",
            "type": "PHYSICAL",
            "business_hours": {},
            "mcc": "7299"
        }
    ]
}
 CONTEXT: {"_legacy":true}
2024-05-01T06:19:27+00:00 NOTICE Request
 Request
method:
uri: listLocations
user-agent: WooCommerce-Square/4.6.1 (WooCommerce/8.8.2; WordPress/6.5.2)
headers: Array
(
)
body:
duration: 0.59784s
 CONTEXT: {"_legacy":true}
2024-05-01T06:19:27+00:00 NOTICE Response
 Response
code: 200
message:
headers: Array
(
    [0] => HTTP/1.1 200 OK
    [Date] => Wed, 01 May 2024 06:19:27 GMT
    [Content-Type] => application/json
    [Content-Length] => 355
    [Connection] => keep-alive
    [CF-Ray] => 87cda8f4bdee77a0-LHR
    [CF-Cache-Status] => DYNAMIC
    [Content-Encoding] => gzip
    [Strict-Transport-Security] => max-age=631152000; includeSubDomains; preload
    [Vary] => Accept-Encoding
    [frame-options] => DENY
    [square-version] => 2022-04-20
    [squareup--connect--v2--common--versionmetadata-bin] => CgoyMDIyLTA0LTIw
    [x-content-type-options] => nosniff
    [x-envoy-decorator-operation] => /v2/locations
    [x-frame-options] => DENY
    [x-sq-dc] => aws
    [x-sq-region] => us-west-2
    [x-xss-protection] => 1; mode=block
    [Set-Cookie] => __cf_bm=AC8OYOOBELGEN_SJvKyUR07xIzRdjwu74FVFUJg08FY-1714544367-1.0.1.1-458A.L_K9NdQN3kIu42xCYFQsPsJ9VUDNqM3LnF31qRWU3TkejFVMAy4sWByqJfI4gY5DAdG0Vzj01PZKMFrYQ; path=/; expires=Wed, 01-May-24 06:49:27 GMT; domain=.squareupsandbox.com; HttpOnly; Secure; SameSite=None
    [Server] => cloudflare
)
body: {
    "locations": [
        {
            "id": "LEACDQB0ABTMB",
            "name": "Default Test Account",
            "address": {
                "address_line_1": "10 Downing St",
                "locality": "London",
                "postal_code": "SW1A 2AA",
                "country": "GB"
            },
            "timezone": "UTC",
            "capabilities": [
                "CREDIT_CARD_PROCESSING",
                "AUTOMATIC_TRANSFERS"
            ],
            "status": "ACTIVE",
            "created_at": "2024-03-13T11:44:25.970Z",
            "merchant_id": "ML66YK4XR23MM",
            "country": "GB",
            "language_code": "en-GB",
            "currency": "GBP",
            "business_name": "Default Test Account",
            "type": "PHYSICAL",
            "business_hours": {},
            "mcc": "7299"
        }
    ]
}
 CONTEXT: {"_legacy":true}
2024-05-01T11:55:36+00:00 NOTICE Request
 Request
method:
uri: listLocations
user-agent: WooCommerce-Square/4.6.1 (WooCommerce/8.8.2; WordPress/6.5.2)
headers: Array
(
)
body:
duration: 0.84924s
 CONTEXT: {"_legacy":true}
2024-05-01T11:55:36+00:00 NOTICE Response
 Response
code: 200
message:
headers: Array
(
    [0] => HTTP/1.1 200 OK
    [Date] => Wed, 01 May 2024 11:55:36 GMT
    [Content-Type] => application/json
    [Content-Length] => 355
    [Connection] => keep-alive
    [CF-Ray] => 87cf955d2eef71ba-LHR
    [CF-Cache-Status] => DYNAMIC
    [Content-Encoding] => gzip
    [Strict-Transport-Security] => max-age=631152000; includeSubDomains; preload
    [Vary] => Accept-Encoding
    [frame-options] => DENY
    [square-version] => 2022-04-20
    [squareup--connect--v2--common--versionmetadata-bin] => CgoyMDIyLTA0LTIw
    [x-content-type-options] => nosniff
    [x-envoy-decorator-operation] => /v2/locations
    [x-frame-options] => DENY
    [x-sq-dc] => aws
    [x-sq-region] => us-west-2
    [x-xss-protection] => 1; mode=block
    [Set-Cookie] => __cf_bm=KicYd2jzNkU1hXwbXTuWOiZ.g3hFBk4JnJnW9HQ5.bI-1714564536-1.0.1.1-GUMIQg5iPbovCjQ5Zt1bA.CcdvhtGDDH1cQFUbnKEKKXo_HRDCzEz.Fue9jtvrqupHMScPviKv1ebnoeH9_bWw; path=/; expires=Wed, 01-May-24 12:25:36 GMT; domain=.squareupsandbox.com; HttpOnly; Secure; SameSite=None
    [Server] => cloudflare
)
body: {
    "locations": [
        {
            "id": "LEACDQB0ABTMB",
            "name": "Default Test Account",
            "address": {
                "address_line_1": "10 Downing St",
                "locality": "London",
                "postal_code": "SW1A 2AA",
                "country": "GB"
            },
            "timezone": "UTC",
            "capabilities": [
                "CREDIT_CARD_PROCESSING",
                "AUTOMATIC_TRANSFERS"
            ],
            "status": "ACTIVE",
            "created_at": "2024-03-13T11:44:25.970Z",
            "merchant_id": "ML66YK4XR23MM",
            "country": "GB",
            "language_code": "en-GB",
            "currency": "GBP",
            "business_name": "Default Test Account",
            "type": "PHYSICAL",
            "business_hours": {},
            "mcc": "7299"
        }
    ]
}
 CONTEXT: {"_legacy":true}
2024-05-01T13:31:09+00:00 NOTICE Request
 Request
method:
uri: listLocations
user-agent: WooCommerce-Square/4.6.1 (WooCommerce/8.8.2; WordPress/6.5.2)
headers: Array
(
)
body:
duration: 0.6128s
 CONTEXT: {"_legacy":true}
2024-05-01T13:31:09+00:00 NOTICE Response
 Response
code: 200
message:
headers: Array
(
    [0] => HTTP/1.1 200 OK
    [Date] => Wed, 01 May 2024 13:31:10 GMT
    [Content-Type] => application/json
    [Content-Length] => 355
    [Connection] => keep-alive
    [CF-Ray] => 87d021586801953f-LHR
    [CF-Cache-Status] => DYNAMIC
    [Content-Encoding] => gzip
    [Strict-Transport-Security] => max-age=631152000; includeSubDomains; preload
    [Vary] => Accept-Encoding
    [frame-options] => DENY
    [square-version] => 2022-04-20
    [squareup--connect--v2--common--versionmetadata-bin] => CgoyMDIyLTA0LTIw
    [x-content-type-options] => nosniff
    [x-envoy-decorator-operation] => /v2/locations
    [x-frame-options] => DENY
    [x-sq-dc] => aws
    [x-sq-region] => us-west-2
    [x-xss-protection] => 1; mode=block
    [Set-Cookie] => __cf_bm=EYzMXAubk2hXKldDH.gUfQOQlHqZUhK9BqLg9eQ68Ys-1714570270-1.0.1.1-zlMPnpFcSEK2yU7voM85MldOEBq3IPICXm3hSKxhFzL3qT3ciCbPum4v8c4.R_bocpefInpQymwh_xGaTur5AA; path=/; expires=Wed, 01-May-24 14:01:10 GMT; domain=.squareupsandbox.com; HttpOnly; Secure; SameSite=None
    [Server] => cloudflare
)
body: {
    "locations": [
        {
            "id": "LEACDQB0ABTMB",
            "name": "Default Test Account",
            "address": {
                "address_line_1": "10 Downing St",
                "locality": "London",
                "postal_code": "SW1A 2AA",
                "country": "GB"
            },
            "timezone": "UTC",
            "capabilities": [
                "CREDIT_CARD_PROCESSING",
                "AUTOMATIC_TRANSFERS"
            ],
            "status": "ACTIVE",
            "created_at": "2024-03-13T11:44:25.970Z",
            "merchant_id": "ML66YK4XR23MM",
            "country": "GB",
            "language_code": "en-GB",
            "currency": "GBP",
            "business_name": "Default Test Account",
            "type": "PHYSICAL",
            "business_hours": {},
            "mcc": "7299"
        }
    ]
}
 CONTEXT: {"_legacy":true}
2024-05-01T18:26:17+00:00 NOTICE Request
 Request
method:
uri: listLocations
user-agent: WooCommerce-Square/4.6.1 (WooCommerce/8.8.2; WordPress/6.5.2)
headers: Array
(
)
body:
duration: 0.88614s
 CONTEXT: {"_legacy":true}
2024-05-01T18:26:17+00:00 NOTICE Response
 Response
code: 200
message:
headers: Array
(
    [0] => HTTP/1.1 200 OK
    [Date] => Wed, 01 May 2024 18:26:17 GMT
    [Content-Type] => application/json
    [Content-Length] => 355
    [Connection] => keep-alive
    [CF-Ray] => 87d1d1a68b7563d8-LHR
    [CF-Cache-Status] => DYNAMIC
    [Content-Encoding] => gzip
    [Strict-Transport-Security] => max-age=631152000; includeSubDomains; preload
    [Vary] => Accept-Encoding
    [frame-options] => DENY
    [square-version] => 2022-04-20
    [squareup--connect--v2--common--versionmetadata-bin] => CgoyMDIyLTA0LTIw
    [x-content-type-options] => nosniff
    [x-envoy-decorator-operation] => /v2/locations
    [x-frame-options] => DENY
    [x-sq-dc] => aws
    [x-sq-region] => us-west-2
    [x-xss-protection] => 1; mode=block
    [Set-Cookie] => __cf_bm=XeWZyfqf2740bl6l0tYmmFnQ2SGO7O_c3m9Zfr0LeCM-1714587977-1.0.1.1-7XfBNaPMGjyMI5hutOZui6MyQvZR3bfHdYoD3qJb1_jdNdSRLzBJE6_5l8H1wGOXexIQzU7rencQ1OLnPXBHeQ; path=/; expires=Wed, 01-May-24 18:56:17 GMT; domain=.squareupsandbox.com; HttpOnly; Secure; SameSite=None
    [Server] => cloudflare
)
body: {
    "locations": [
        {
            "id": "LEACDQB0ABTMB",
            "name": "Default Test Account",
            "address": {
                "address_line_1": "10 Downing St",
                "locality": "London",
                "postal_code": "SW1A 2AA",
                "country": "GB"
            },
            "timezone": "UTC",
            "capabilities": [
                "CREDIT_CARD_PROCESSING",
                "AUTOMATIC_TRANSFERS"
            ],
            "status": "ACTIVE",
            "created_at": "2024-03-13T11:44:25.970Z",
            "merchant_id": "ML66YK4XR23MM",
            "country": "GB",
            "language_code": "en-GB",
            "currency": "GBP",
            "business_name": "Default Test Account",
            "type": "PHYSICAL",
            "business_hours": {},
            "mcc": "7299"
        }
    ]
}
 CONTEXT: {"_legacy":true}
