2024-04-26T04:16:45+00:00 NOTICE Request
 Request
method:
uri: listLocations
user-agent: WooCommerce-Square/4.6.1 (WooCommerce/8.8.2; WordPress/6.5.2)
headers: Array
(
)
body:
duration: 0.61409s
 CONTEXT: {"_legacy":true}
2024-04-26T04:16:45+00:00 NOTICE Response
 Response
code: 200
message:
headers: Array
(
    [0] => HTTP/1.1 200 OK
    [Date] => Fri, 26 Apr 2024 04:16:45 GMT
    [Content-Type] => application/json
    [Content-Length] => 355
    [Connection] => keep-alive
    [CF-Ray] => 87a3c258d8bc719c-LHR
    [CF-Cache-Status] => DYNAMIC
    [Content-Encoding] => gzip
    [Strict-Transport-Security] => max-age=631152000; includeSubDomains; preload
    [Vary] => Accept-Encoding
    [frame-options] => DENY
    [square-version] => 2022-04-20
    [squareup--connect--v2--common--versionmetadata-bin] => CgoyMDIyLTA0LTIw
    [x-content-type-options] => nosniff
    [x-envoy-decorator-operation] => /v2/locations
    [x-frame-options] => DENY
    [x-sq-dc] => aws
    [x-sq-region] => us-west-2
    [x-xss-protection] => 1; mode=block
    [Set-Cookie] => __cf_bm=whVVDyfE3zUz5CttDpLV9603x7Yn1IeW6fj3PKtVqQA-1714105005-1.0.1.1-oeiYSqYOfTf6MFnuO4N326YyVut92TmjQEH1er1wc6o55wx9GPRB0CS.feXrcgXdUxZ0MhttOGhbDrPUiUTWWw; path=/; expires=Fri, 26-Apr-24 04:46:45 GMT; domain=.squareupsandbox.com; HttpOnly; Secure; SameSite=None
    [Server] => cloudflare
)
body: {
    "locations": [
        {
            "id": "LEACDQB0ABTMB",
            "name": "Default Test Account",
            "address": {
                "address_line_1": "10 Downing St",
                "locality": "London",
                "postal_code": "SW1A 2AA",
                "country": "GB"
            },
            "timezone": "UTC",
            "capabilities": [
                "CREDIT_CARD_PROCESSING",
                "AUTOMATIC_TRANSFERS"
            ],
            "status": "ACTIVE",
            "created_at": "2024-03-13T11:44:25.970Z",
            "merchant_id": "ML66YK4XR23MM",
            "country": "GB",
            "language_code": "en-GB",
            "currency": "GBP",
            "business_name": "Default Test Account",
            "type": "PHYSICAL",
            "business_hours": {},
            "mcc": "7299"
        }
    ]
}
 CONTEXT: {"_legacy":true}
2024-04-26T04:36:03+00:00 NOTICE Request
 Request
method:
uri: listLocations
user-agent: WooCommerce-Square/4.6.1 (WooCommerce/8.8.2; WordPress/6.5.2)
headers: Array
(
)
body:
duration: 0.62123s
 CONTEXT: {"_legacy":true}
2024-04-26T04:36:03+00:00 NOTICE Response
 Response
code: 200
message:
headers: Array
(
    [0] => HTTP/1.1 200 OK
    [Date] => Fri, 26 Apr 2024 04:36:04 GMT
    [Content-Type] => application/json
    [Content-Length] => 355
    [Connection] => keep-alive
    [CF-Ray] => 87a3dea1dd383694-LHR
    [CF-Cache-Status] => DYNAMIC
    [Content-Encoding] => gzip
    [Strict-Transport-Security] => max-age=631152000; includeSubDomains; preload
    [Vary] => Accept-Encoding
    [frame-options] => DENY
    [square-version] => 2022-04-20
    [squareup--connect--v2--common--versionmetadata-bin] => CgoyMDIyLTA0LTIw
    [x-content-type-options] => nosniff
    [x-envoy-decorator-operation] => /v2/locations
    [x-frame-options] => DENY
    [x-sq-dc] => aws
    [x-sq-region] => us-west-2
    [x-xss-protection] => 1; mode=block
    [Set-Cookie] => __cf_bm=YiT0kRqP63ll6Cp9XDA5avcUPEE4RrbtQX9dHsP5IPQ-1714106164-1.0.1.1-BeniQTJ_OKxctNzL2opCkO8jdMX4IZRiNbQ1dSoZhQ23zKUrV3SQPCG4ds9NXrFqXgnIeuhHj6_X09VrWnYyXw; path=/; expires=Fri, 26-Apr-24 05:06:04 GMT; domain=.squareupsandbox.com; HttpOnly; Secure; SameSite=None
    [Server] => cloudflare
)
body: {
    "locations": [
        {
            "id": "LEACDQB0ABTMB",
            "name": "Default Test Account",
            "address": {
                "address_line_1": "10 Downing St",
                "locality": "London",
                "postal_code": "SW1A 2AA",
                "country": "GB"
            },
            "timezone": "UTC",
            "capabilities": [
                "CREDIT_CARD_PROCESSING",
                "AUTOMATIC_TRANSFERS"
            ],
            "status": "ACTIVE",
            "created_at": "2024-03-13T11:44:25.970Z",
            "merchant_id": "ML66YK4XR23MM",
            "country": "GB",
            "language_code": "en-GB",
            "currency": "GBP",
            "business_name": "Default Test Account",
            "type": "PHYSICAL",
            "business_hours": {},
            "mcc": "7299"
        }
    ]
}
 CONTEXT: {"_legacy":true}
2024-04-26T09:19:14+00:00 NOTICE Request
 Request
method:
uri: listLocations
user-agent: WooCommerce-Square/4.6.1 (WooCommerce/8.8.2; WordPress/6.5.2)
headers: Array
(
)
body:
duration: 0.38359s
 CONTEXT: {"_legacy":true}
2024-04-26T09:19:14+00:00 NOTICE Response
 Response
code: 200
message:
headers: Array
(
    [0] => HTTP/1.1 200 OK
    [Date] => Fri, 26 Apr 2024 09:19:14 GMT
    [Content-Type] => application/json
    [Content-Length] => 355
    [Connection] => keep-alive
    [CF-Ray] => 87a57d727e02947e-LHR
    [CF-Cache-Status] => DYNAMIC
    [Content-Encoding] => gzip
    [Strict-Transport-Security] => max-age=631152000; includeSubDomains; preload
    [Vary] => Accept-Encoding
    [frame-options] => DENY
    [square-version] => 2022-04-20
    [squareup--connect--v2--common--versionmetadata-bin] => CgoyMDIyLTA0LTIw
    [x-content-type-options] => nosniff
    [x-envoy-decorator-operation] => /v2/locations
    [x-frame-options] => DENY
    [x-sq-dc] => aws
    [x-sq-region] => us-west-2
    [x-xss-protection] => 1; mode=block
    [Set-Cookie] => __cf_bm=55g7hrh9IG_P7ewjUA5A2WPsM0aUIrZZ83EFuAlsrf8-1714123154-1.0.1.1-Q6jj9lrimCI.Y6vql1z6Txb0x9W_4YiHp_URQs6eTnOMGpbzTv0eXkGgeStLhJQD5lXLBtdocLF7WrZdd29T9Q; path=/; expires=Fri, 26-Apr-24 09:49:14 GMT; domain=.squareupsandbox.com; HttpOnly; Secure; SameSite=None
    [Server] => cloudflare
)
body: {
    "locations": [
        {
            "id": "LEACDQB0ABTMB",
            "name": "Default Test Account",
            "address": {
                "address_line_1": "10 Downing St",
                "locality": "London",
                "postal_code": "SW1A 2AA",
                "country": "GB"
            },
            "timezone": "UTC",
            "capabilities": [
                "CREDIT_CARD_PROCESSING",
                "AUTOMATIC_TRANSFERS"
            ],
            "status": "ACTIVE",
            "created_at": "2024-03-13T11:44:25.970Z",
            "merchant_id": "ML66YK4XR23MM",
            "country": "GB",
            "language_code": "en-GB",
            "currency": "GBP",
            "business_name": "Default Test Account",
            "type": "PHYSICAL",
            "business_hours": {},
            "mcc": "7299"
        }
    ]
}
 CONTEXT: {"_legacy":true}
2024-04-26T18:04:31+00:00 NOTICE Request
 Request
method:
uri: listLocations
user-agent: WooCommerce-Square/4.6.1 (WooCommerce/8.8.2; WordPress/6.5.2)
headers: Array
(
)
body:
duration: 0.60353s
 CONTEXT: {"_legacy":true}
2024-04-26T18:04:31+00:00 NOTICE Response
 Response
code: 200
message:
headers: Array
(
    [0] => HTTP/1.1 200 OK
    [Date] => Fri, 26 Apr 2024 18:04:31 GMT
    [Content-Type] => application/json
    [Content-Length] => 355
    [Connection] => keep-alive
    [CF-Ray] => 87a87ee62bcd778f-LHR
    [CF-Cache-Status] => DYNAMIC
    [Content-Encoding] => gzip
    [Strict-Transport-Security] => max-age=631152000; includeSubDomains; preload
    [Vary] => Accept-Encoding
    [frame-options] => DENY
    [square-version] => 2022-04-20
    [squareup--connect--v2--common--versionmetadata-bin] => CgoyMDIyLTA0LTIw
    [x-content-type-options] => nosniff
    [x-envoy-decorator-operation] => /v2/locations
    [x-frame-options] => DENY
    [x-sq-dc] => aws
    [x-sq-region] => us-west-2
    [x-xss-protection] => 1; mode=block
    [Set-Cookie] => __cf_bm=v0ciIIOnC.Y6RPry7jwozPbZT_HYW3zYufNXSnVqsoo-1714154671-1.0.1.1-Mi2zPeAh0S10XpPQtTNpn3T04KR1p6CNL8v5eHou3PV8ZU9b3HhdGy37zZG1b9ZJcdzMgg2PMGQZ63pkwQekug; path=/; expires=Fri, 26-Apr-24 18:34:31 GMT; domain=.squareupsandbox.com; HttpOnly; Secure; SameSite=None
    [Server] => cloudflare
)
body: {
    "locations": [
        {
            "id": "LEACDQB0ABTMB",
            "name": "Default Test Account",
            "address": {
                "address_line_1": "10 Downing St",
                "locality": "London",
                "postal_code": "SW1A 2AA",
                "country": "GB"
            },
            "timezone": "UTC",
            "capabilities": [
                "CREDIT_CARD_PROCESSING",
                "AUTOMATIC_TRANSFERS"
            ],
            "status": "ACTIVE",
            "created_at": "2024-03-13T11:44:25.970Z",
            "merchant_id": "ML66YK4XR23MM",
            "country": "GB",
            "language_code": "en-GB",
            "currency": "GBP",
            "business_name": "Default Test Account",
            "type": "PHYSICAL",
            "business_hours": {},
            "mcc": "7299"
        }
    ]
}
 CONTEXT: {"_legacy":true}
2024-04-26T21:50:11+00:00 NOTICE Request
 Request
method:
uri: listLocations
user-agent: WooCommerce-Square/4.6.1 (WooCommerce/8.8.2; WordPress/6.5.2)
headers: Array
(
)
body:
duration: 0.78214s
 CONTEXT: {"_legacy":true}
2024-04-26T21:50:11+00:00 NOTICE Response
 Response
code: 200
message:
headers: Array
(
    [0] => HTTP/1.1 200 OK
    [Date] => Fri, 26 Apr 2024 21:50:12 GMT
    [Content-Type] => application/json
    [Content-Length] => 355
    [Connection] => keep-alive
    [CF-Ray] => 87a9c9795fb66347-LHR
    [CF-Cache-Status] => DYNAMIC
    [Content-Encoding] => gzip
    [Strict-Transport-Security] => max-age=631152000; includeSubDomains; preload
    [Vary] => Accept-Encoding
    [frame-options] => DENY
    [square-version] => 2022-04-20
    [squareup--connect--v2--common--versionmetadata-bin] => CgoyMDIyLTA0LTIw
    [x-content-type-options] => nosniff
    [x-envoy-decorator-operation] => /v2/locations
    [x-frame-options] => DENY
    [x-sq-dc] => aws
    [x-sq-region] => us-west-2
    [x-xss-protection] => 1; mode=block
    [Set-Cookie] => __cf_bm=rTWCdrBlpKNXkR04ydpRlTeuXkqkyzRfF2AXnmUO__s-1714168212-1.0.1.1-BErGv27gZ_nahsHEbvcdvW1Sm4yO3ojGlkuQdC0l04atevM9XU38OUg7D9bTwAH9y4YRpbtbBPddj9pJgowmAg; path=/; expires=Fri, 26-Apr-24 22:20:12 GMT; domain=.squareupsandbox.com; HttpOnly; Secure; SameSite=None
    [Server] => cloudflare
)
body: {
    "locations": [
        {
            "id": "LEACDQB0ABTMB",
            "name": "Default Test Account",
            "address": {
                "address_line_1": "10 Downing St",
                "locality": "London",
                "postal_code": "SW1A 2AA",
                "country": "GB"
            },
            "timezone": "UTC",
            "capabilities": [
                "CREDIT_CARD_PROCESSING",
                "AUTOMATIC_TRANSFERS"
            ],
            "status": "ACTIVE",
            "created_at": "2024-03-13T11:44:25.970Z",
            "merchant_id": "ML66YK4XR23MM",
            "country": "GB",
            "language_code": "en-GB",
            "currency": "GBP",
            "business_name": "Default Test Account",
            "type": "PHYSICAL",
            "business_hours": {},
            "mcc": "7299"
        }
    ]
}
 CONTEXT: {"_legacy":true}
