2024-04-27T02:11:43+00:00 NOTICE Request
 Request
method:
uri: listLocations
user-agent: WooCommerce-Square/4.6.1 (WooCommerce/8.8.2; WordPress/6.5.2)
headers: Array
(
)
body:
duration: 0.55201s
 CONTEXT: {"_legacy":true}
2024-04-27T02:11:43+00:00 NOTICE Response
 Response
code: 200
message:
headers: Array
(
    [0] => HTTP/1.1 200 OK
    [Date] => Sat, 27 Apr 2024 02:11:44 GMT
    [Content-Type] => application/json
    [Content-Length] => 355
    [Connection] => keep-alive
    [CF-Ray] => 87ab489759bd63f2-LHR
    [CF-Cache-Status] => DYNAMIC
    [Content-Encoding] => gzip
    [Strict-Transport-Security] => max-age=631152000; includeSubDomains; preload
    [Vary] => Accept-Encoding
    [frame-options] => DENY
    [square-version] => 2022-04-20
    [squareup--connect--v2--common--versionmetadata-bin] => CgoyMDIyLTA0LTIw
    [x-content-type-options] => nosniff
    [x-envoy-decorator-operation] => /v2/locations
    [x-frame-options] => DENY
    [x-sq-dc] => aws
    [x-sq-region] => us-west-2
    [x-xss-protection] => 1; mode=block
    [Set-Cookie] => __cf_bm=h2VQ9hxa2pbJsz8DZC_AhQFFDFAVO2GFltQUKKey76c-1714183904-1.0.1.1-kADatD6FNMW.M8lWP.sIqhAOLyyJ9VuZzyKJn16o4a6W948d4M95r9t3vn2h0gZ9Jqy19a9U7vMZmc0v4RNfZg; path=/; expires=Sat, 27-Apr-24 02:41:44 GMT; domain=.squareupsandbox.com; HttpOnly; Secure; SameSite=None
    [Server] => cloudflare
)
body: {
    "locations": [
        {
            "id": "LEACDQB0ABTMB",
            "name": "Default Test Account",
            "address": {
                "address_line_1": "10 Downing St",
                "locality": "London",
                "postal_code": "SW1A 2AA",
                "country": "GB"
            },
            "timezone": "UTC",
            "capabilities": [
                "CREDIT_CARD_PROCESSING",
                "AUTOMATIC_TRANSFERS"
            ],
            "status": "ACTIVE",
            "created_at": "2024-03-13T11:44:25.970Z",
            "merchant_id": "ML66YK4XR23MM",
            "country": "GB",
            "language_code": "en-GB",
            "currency": "GBP",
            "business_name": "Default Test Account",
            "type": "PHYSICAL",
            "business_hours": {},
            "mcc": "7299"
        }
    ]
}
 CONTEXT: {"_legacy":true}
2024-04-27T08:17:11+00:00 NOTICE Request
 Request
method:
uri: listLocations
user-agent: WooCommerce-Square/4.6.1 (WooCommerce/8.8.2; WordPress/6.5.2)
headers: Array
(
)
body:
duration: 0.60113s
 CONTEXT: {"_legacy":true}
2024-04-27T08:17:11+00:00 NOTICE Response
 Response
code: 200
message:
headers: Array
(
    [0] => HTTP/1.1 200 OK
    [Date] => Sat, 27 Apr 2024 08:17:12 GMT
    [Content-Type] => application/json
    [Content-Length] => 355
    [Connection] => keep-alive
    [CF-Ray] => 87ad5ff049513695-LHR
    [CF-Cache-Status] => DYNAMIC
    [Content-Encoding] => gzip
    [Strict-Transport-Security] => max-age=631152000; includeSubDomains; preload
    [Vary] => Accept-Encoding
    [frame-options] => DENY
    [square-version] => 2022-04-20
    [squareup--connect--v2--common--versionmetadata-bin] => CgoyMDIyLTA0LTIw
    [x-content-type-options] => nosniff
    [x-envoy-decorator-operation] => /v2/locations
    [x-frame-options] => DENY
    [x-sq-dc] => aws
    [x-sq-region] => us-west-2
    [x-xss-protection] => 1; mode=block
    [Set-Cookie] => __cf_bm=H9rxsfichhnkT3yerKKLmFz1axOAxmlVRhLBx8cOKNE-1714205832-1.0.1.1-BLJceeLCmeeC0ppVoG58zUtoEK7vIZ_62krBeARW729TAYu3ptPvHNzA4rYhdQIKWyb.zjAjtWyJOSdlsvcbmA; path=/; expires=Sat, 27-Apr-24 08:47:12 GMT; domain=.squareupsandbox.com; HttpOnly; Secure; SameSite=None
    [Server] => cloudflare
)
body: {
    "locations": [
        {
            "id": "LEACDQB0ABTMB",
            "name": "Default Test Account",
            "address": {
                "address_line_1": "10 Downing St",
                "locality": "London",
                "postal_code": "SW1A 2AA",
                "country": "GB"
            },
            "timezone": "UTC",
            "capabilities": [
                "CREDIT_CARD_PROCESSING",
                "AUTOMATIC_TRANSFERS"
            ],
            "status": "ACTIVE",
            "created_at": "2024-03-13T11:44:25.970Z",
            "merchant_id": "ML66YK4XR23MM",
            "country": "GB",
            "language_code": "en-GB",
            "currency": "GBP",
            "business_name": "Default Test Account",
            "type": "PHYSICAL",
            "business_hours": {},
            "mcc": "7299"
        }
    ]
}
 CONTEXT: {"_legacy":true}
