2024-05-03T17:41:43+00:00 NOTICE Request
 Request
method:
uri: listLocations
user-agent: WooCommerce-Square/4.6.1 (WooCommerce/8.8.2; WordPress/6.5.2)
headers: Array
(
)
body:
duration: 0.78084s
 CONTEXT: {"_legacy":true}
2024-05-03T17:41:43+00:00 NOTICE Response
 Response
code: 200
message:
headers: Array
(
    [0] => HTTP/1.1 200 OK
    [Date] => Fri, 03 May 2024 17:41:44 GMT
    [Content-Type] => application/json
    [Content-Length] => 355
    [Connection] => keep-alive
    [CF-Ray] => 87e20b23ae2193e6-LHR
    [CF-Cache-Status] => DYNAMIC
    [Content-Encoding] => gzip
    [Strict-Transport-Security] => max-age=631152000; includeSubDomains; preload
    [Vary] => Accept-Encoding
    [frame-options] => DENY
    [square-version] => 2022-04-20
    [squareup--connect--v2--common--versionmetadata-bin] => CgoyMDIyLTA0LTIw
    [x-content-type-options] => nosniff
    [x-envoy-decorator-operation] => /v2/locations
    [x-frame-options] => DENY
    [x-sq-dc] => aws
    [x-sq-region] => us-west-2
    [x-xss-protection] => 1; mode=block
    [Set-Cookie] => __cf_bm=PalzVrRQvG3unjEgTzebHhaK0_duRlCtUdlkTCBtG_k-1714758104-1.0.1.1-sEr9XaREdxAlOP8fyWXsV7Z1lIg6EuZOfRcV1KsF8v5OZPhR7RYh5PqEq1xSvF29WHroovUBp9834etQZerGiQ; path=/; expires=Fri, 03-May-24 18:11:44 GMT; domain=.squareupsandbox.com; HttpOnly; Secure; SameSite=None
    [Server] => cloudflare
)
body: {
    "locations": [
        {
            "id": "LEACDQB0ABTMB",
            "name": "Default Test Account",
            "address": {
                "address_line_1": "10 Downing St",
                "locality": "London",
                "postal_code": "SW1A 2AA",
                "country": "GB"
            },
            "timezone": "UTC",
            "capabilities": [
                "CREDIT_CARD_PROCESSING",
                "AUTOMATIC_TRANSFERS"
            ],
            "status": "ACTIVE",
            "created_at": "2024-03-13T11:44:25.970Z",
            "merchant_id": "ML66YK4XR23MM",
            "country": "GB",
            "language_code": "en-GB",
            "currency": "GBP",
            "business_name": "Default Test Account",
            "type": "PHYSICAL",
            "business_hours": {},
            "mcc": "7299"
        }
    ]
}
 CONTEXT: {"_legacy":true}
